07.05.2018 23:15:05: ИНФОРМАЦИЯ - Начало
07.05.2018 23:15:05: ИНФОРМАЦИЯ - ТекущийКаталог: F:\dev\OneScript\deletebackupfiles_exe
07.05.2018 23:15:05: ОШИБКА - Ошибка удаления устаревших резервных копий!
07.05.2018 23:15:05: ОШИБКА - {Модуль F:\dev\OneScript\deletebackupfiles_exe\main.os / Ошибка в строке: 90 / Деление на ноль}    
	a = 4 / 0;
07.05.2018 23:15:05: ИНФОРМАЦИЯ - Конец
07.05.2018 23:20:01: ИНФОРМАЦИЯ - Начало
07.05.2018 23:20:01: ИНФОРМАЦИЯ - ТекущийКаталог: F:\dev\OneScript\deletebackupfiles_exe
07.05.2018 23:20:01: ОШИБКА - Ошибка удаления устаревших резервных копий!
07.05.2018 23:20:01: ОШИБКА - {Модуль F:\dev\OneScript\deletebackupfiles_exe\main.os / Ошибка в строке: 90 / Деление на ноль}    
	a = 4 / 0;
07.05.2018 23:20:01: ИНФОРМАЦИЯ - Конец
07.05.2018 23:23:20: ИНФОРМАЦИЯ - Начало
07.05.2018 23:23:20: ИНФОРМАЦИЯ - ТекущийКаталог: F:\dev\OneScript\deletebackupfiles_exe
07.05.2018 23:23:20: ИНФОРМАЦИЯ - Конец
07.05.2018 23:26:08: ИНФОРМАЦИЯ - Начало
07.05.2018 23:26:08: ИНФОРМАЦИЯ - ТекущийКаталог: F:\dev\OneScript\deletebackupfiles_exe
07.05.2018 23:26:08: ИНФОРМАЦИЯ - Конец
07.05.2018 23:54:48: ИНФОРМАЦИЯ - Начало
07.05.2018 23:54:48: ИНФОРМАЦИЯ - ТекущийКаталог: F:\dev\OneScript\deletebackupfiles_exe
07.05.2018 23:54:48: ИНФОРМАЦИЯ - Конец
