07.05.2018 23:14:34: ИНФОРМАЦИЯ - ФайлНастроек:f:\dev\OneScript\deletebackupfiles_exe\settings.json
07.05.2018 23:14:34: ИНФОРМАЦИЯ - f:\dev\OneScript\deletebackupfiles_exe\settings.json: Не существует
07.05.2018 23:14:55: ИНФОРМАЦИЯ - ФайлНастроек:f:\dev\OneScript\deletebackupfiles_exe\settings.json
07.05.2018 23:14:55: ИНФОРМАЦИЯ - f:\dev\OneScript\deletebackupfiles_exe\settings.json: Не существует
07.05.2018 23:15:05: ИНФОРМАЦИЯ - ФайлНастроек:F:\dev\OneScript\deletebackupfiles_exe\settings.json
07.05.2018 23:15:05: ИНФОРМАЦИЯ - F:\dev\OneScript\deletebackupfiles_exe\settings.json: Не существует
07.05.2018 23:19:54: ИНФОРМАЦИЯ - ФайлНастроек:f:\dev\OneScript\deletebackupfiles_exe\settings.json
07.05.2018 23:19:54: ИНФОРМАЦИЯ - f:\dev\OneScript\deletebackupfiles_exe\settings.json: Не существует
07.05.2018 23:20:01: ИНФОРМАЦИЯ - ФайлНастроек:F:\dev\OneScript\deletebackupfiles_exe\settings.json
07.05.2018 23:20:01: ИНФОРМАЦИЯ - F:\dev\OneScript\deletebackupfiles_exe\settings.json: Не существует
07.05.2018 23:21:51: ИНФОРМАЦИЯ - ФайлНастроек:f:\dev\OneScript\deletebackupfiles_exe\settings.json
07.05.2018 23:21:51: ИНФОРМАЦИЯ - f:\dev\OneScript\deletebackupfiles_exe\settings.json: Не существует
07.05.2018 23:23:20: ИНФОРМАЦИЯ - ФайлНастроек:F:\dev\OneScript\deletebackupfiles_exe\settings.json
07.05.2018 23:23:20: ИНФОРМАЦИЯ - Прочитанные настройки:
07.05.2018 23:23:20: ИНФОРМАЦИЯ - Задания: : Соответствие:
07.05.2018 23:23:20: ИНФОРМАЦИЯ - fullbackups: : Структура:
07.05.2018 23:23:20: ИНФОРМАЦИЯ - Каталог: Строка: d:\full
07.05.2018 23:23:20: ИНФОРМАЦИЯ - МаскаФайлов: Строка: full_*
07.05.2018 23:23:20: ИНФОРМАЦИЯ - МинимальноеКоличествоРезервныхКопий: Число: 4
07.05.2018 23:23:20: ИНФОРМАЦИЯ - ПериодХраненияРезервныхКопий: Число: 31
07.05.2018 23:23:20: ИНФОРМАЦИЯ - ТекущаяДата: Дата: 07.05.2018 23:23:20
07.05.2018 23:23:20: ИНФОРМАЦИЯ - diffbackups: : Структура:
07.05.2018 23:23:20: ИНФОРМАЦИЯ - Каталог: Строка: d:\diff
07.05.2018 23:23:20: ИНФОРМАЦИЯ - МаскаФайлов: Строка: diff_*
07.05.2018 23:23:20: ИНФОРМАЦИЯ - МинимальноеКоличествоРезервныхКопий: Число: 14
07.05.2018 23:23:20: ИНФОРМАЦИЯ - ПериодХраненияРезервныхКопий: Число: 14
07.05.2018 23:23:20: ИНФОРМАЦИЯ - ТекущаяДата: Дата: 07.05.2018 23:23:20
07.05.2018 23:23:20: ИНФОРМАЦИЯ - БезУдаленияРезервныхКопий: Булево: Да
07.05.2018 23:23:20: ИНФОРМАЦИЯ - ФайлНастроек:F:\dev\OneScript\deletebackupfiles_exe\settings.json
07.05.2018 23:23:20: ИНФОРМАЦИЯ - Прочитанные настройки:
07.05.2018 23:23:20: ИНФОРМАЦИЯ - Задания: : Соответствие:
07.05.2018 23:23:20: ИНФОРМАЦИЯ - fullbackups: : Структура:
07.05.2018 23:23:20: ИНФОРМАЦИЯ - Каталог: Строка: d:\full
07.05.2018 23:23:20: ИНФОРМАЦИЯ - МаскаФайлов: Строка: full_*
07.05.2018 23:23:20: ИНФОРМАЦИЯ - МинимальноеКоличествоРезервныхКопий: Число: 4
07.05.2018 23:23:20: ИНФОРМАЦИЯ - ПериодХраненияРезервныхКопий: Число: 31
07.05.2018 23:23:20: ИНФОРМАЦИЯ - ТекущаяДата: Дата: 07.05.2018 23:23:20
07.05.2018 23:23:20: ИНФОРМАЦИЯ - diffbackups: : Структура:
07.05.2018 23:23:20: ИНФОРМАЦИЯ - Каталог: Строка: d:\diff
07.05.2018 23:23:20: ИНФОРМАЦИЯ - МаскаФайлов: Строка: diff_*
07.05.2018 23:23:20: ИНФОРМАЦИЯ - МинимальноеКоличествоРезервныхКопий: Число: 14
07.05.2018 23:23:20: ИНФОРМАЦИЯ - ПериодХраненияРезервныхКопий: Число: 14
07.05.2018 23:23:20: ИНФОРМАЦИЯ - ТекущаяДата: Дата: 07.05.2018 23:23:20
07.05.2018 23:23:20: ИНФОРМАЦИЯ - БезУдаленияРезервныхКопий: Булево: Да
07.05.2018 23:23:20: ИНФОРМАЦИЯ - Начало операции удаления файлов резервных копий
07.05.2018 23:23:20: ИНФОРМАЦИЯ - Начало задания удаления файлов резервных копий
07.05.2018 23:23:20: ИНФОРМАЦИЯ - Каталог: d:\full
07.05.2018 23:23:20: ИНФОРМАЦИЯ - МаскаФайлов: full_*
07.05.2018 23:23:20: ИНФОРМАЦИЯ - МинимальноеКоличествоРезервныхКопий: 4
07.05.2018 23:23:20: ИНФОРМАЦИЯ - ПериодХраненияРезервныхКопий: 31
07.05.2018 23:23:20: ИНФОРМАЦИЯ - ТекущаяДата: 07.05.2018 23:23:20
07.05.2018 23:23:20: ИНФОРМАЦИЯ - КоличествоФайловРезервныхКопийВКаталоге: 0
07.05.2018 23:23:20: ИНФОРМАЦИЯ - Количество файлов резервных копий в каталоге меньше или равно минимальному количеству хранимых резервных копий.
07.05.2018 23:23:20: ИНФОРМАЦИЯ - Не нужно удалять файлы резервных копий.
07.05.2018 23:23:20: ИНФОРМАЦИЯ - Конец задания удаления файлов резервных копий
07.05.2018 23:23:20: ИНФОРМАЦИЯ - Начало задания удаления файлов резервных копий
07.05.2018 23:23:20: ИНФОРМАЦИЯ - Каталог: d:\diff
07.05.2018 23:23:20: ИНФОРМАЦИЯ - МаскаФайлов: diff_*
07.05.2018 23:23:20: ИНФОРМАЦИЯ - МинимальноеКоличествоРезервныхКопий: 14
07.05.2018 23:23:20: ИНФОРМАЦИЯ - ПериодХраненияРезервныхКопий: 14
07.05.2018 23:23:20: ИНФОРМАЦИЯ - ТекущаяДата: 07.05.2018 23:23:20
07.05.2018 23:23:20: ИНФОРМАЦИЯ - КоличествоФайловРезервныхКопийВКаталоге: 0
07.05.2018 23:23:20: ИНФОРМАЦИЯ - Количество файлов резервных копий в каталоге меньше или равно минимальному количеству хранимых резервных копий.
07.05.2018 23:23:20: ИНФОРМАЦИЯ - Не нужно удалять файлы резервных копий.
07.05.2018 23:23:20: ИНФОРМАЦИЯ - Конец задания удаления файлов резервных копий
07.05.2018 23:23:20: ИНФОРМАЦИЯ - Конец операции удаления файлов резервных копий
07.05.2018 23:26:08: ИНФОРМАЦИЯ - ФайлНастроек:F:\dev\OneScript\deletebackupfiles_exe\settings.json
07.05.2018 23:26:08: ИНФОРМАЦИЯ - Прочитанные настройки:
07.05.2018 23:26:08: ИНФОРМАЦИЯ - Задания: : Соответствие:
07.05.2018 23:26:08: ИНФОРМАЦИЯ - fullbackups: : Структура:
07.05.2018 23:26:08: ИНФОРМАЦИЯ - Каталог: Строка: d:\full
07.05.2018 23:26:08: ИНФОРМАЦИЯ - МаскаФайлов: Строка: full_*
07.05.2018 23:26:08: ИНФОРМАЦИЯ - МинимальноеКоличествоРезервныхКопий: Число: 4
07.05.2018 23:26:08: ИНФОРМАЦИЯ - ПериодХраненияРезервныхКопий: Число: 31
07.05.2018 23:26:08: ИНФОРМАЦИЯ - ТекущаяДата: Дата: 07.05.2018 23:26:08
07.05.2018 23:26:08: ИНФОРМАЦИЯ - diffbackups: : Структура:
07.05.2018 23:26:08: ИНФОРМАЦИЯ - Каталог: Строка: d:\diff
07.05.2018 23:26:08: ИНФОРМАЦИЯ - МаскаФайлов: Строка: diff_*
07.05.2018 23:26:08: ИНФОРМАЦИЯ - МинимальноеКоличествоРезервныхКопий: Число: 14
07.05.2018 23:26:08: ИНФОРМАЦИЯ - ПериодХраненияРезервныхКопий: Число: 14
07.05.2018 23:26:08: ИНФОРМАЦИЯ - ТекущаяДата: Дата: 07.05.2018 23:26:08
07.05.2018 23:26:08: ИНФОРМАЦИЯ - БезУдаленияРезервныхКопий: Булево: Да
07.05.2018 23:26:08: ИНФОРМАЦИЯ - ФайлНастроек:F:\dev\OneScript\deletebackupfiles_exe\settings.json
07.05.2018 23:26:08: ИНФОРМАЦИЯ - Прочитанные настройки:
07.05.2018 23:26:08: ИНФОРМАЦИЯ - Задания: : Соответствие:
07.05.2018 23:26:08: ИНФОРМАЦИЯ - fullbackups: : Структура:
07.05.2018 23:26:08: ИНФОРМАЦИЯ - Каталог: Строка: d:\full
07.05.2018 23:26:08: ИНФОРМАЦИЯ - МаскаФайлов: Строка: full_*
07.05.2018 23:26:08: ИНФОРМАЦИЯ - МинимальноеКоличествоРезервныхКопий: Число: 4
07.05.2018 23:26:08: ИНФОРМАЦИЯ - ПериодХраненияРезервныхКопий: Число: 31
07.05.2018 23:26:08: ИНФОРМАЦИЯ - ТекущаяДата: Дата: 07.05.2018 23:26:08
07.05.2018 23:26:08: ИНФОРМАЦИЯ - diffbackups: : Структура:
07.05.2018 23:26:08: ИНФОРМАЦИЯ - Каталог: Строка: d:\diff
07.05.2018 23:26:08: ИНФОРМАЦИЯ - МаскаФайлов: Строка: diff_*
07.05.2018 23:26:08: ИНФОРМАЦИЯ - МинимальноеКоличествоРезервныхКопий: Число: 14
07.05.2018 23:26:08: ИНФОРМАЦИЯ - ПериодХраненияРезервныхКопий: Число: 14
07.05.2018 23:26:08: ИНФОРМАЦИЯ - ТекущаяДата: Дата: 07.05.2018 23:26:08
07.05.2018 23:26:08: ИНФОРМАЦИЯ - БезУдаленияРезервныхКопий: Булево: Да
07.05.2018 23:26:08: ИНФОРМАЦИЯ - Начало операции удаления файлов резервных копий
07.05.2018 23:26:08: ИНФОРМАЦИЯ - Начало задания удаления файлов резервных копий
07.05.2018 23:26:08: ИНФОРМАЦИЯ - Каталог: d:\full
07.05.2018 23:26:08: ИНФОРМАЦИЯ - МаскаФайлов: full_*
07.05.2018 23:26:08: ИНФОРМАЦИЯ - МинимальноеКоличествоРезервныхКопий: 4
07.05.2018 23:26:08: ИНФОРМАЦИЯ - ПериодХраненияРезервныхКопий: 31
07.05.2018 23:26:08: ИНФОРМАЦИЯ - ТекущаяДата: 07.05.2018 23:26:08
07.05.2018 23:26:08: ИНФОРМАЦИЯ - КоличествоФайловРезервныхКопийВКаталоге: 0
07.05.2018 23:26:08: ИНФОРМАЦИЯ - Количество файлов резервных копий в каталоге меньше или равно минимальному количеству хранимых резервных копий.
07.05.2018 23:26:08: ИНФОРМАЦИЯ - Не нужно удалять файлы резервных копий.
07.05.2018 23:26:08: ИНФОРМАЦИЯ - Конец задания удаления файлов резервных копий
07.05.2018 23:26:08: ИНФОРМАЦИЯ - Начало задания удаления файлов резервных копий
07.05.2018 23:26:08: ИНФОРМАЦИЯ - Каталог: d:\diff
07.05.2018 23:26:08: ИНФОРМАЦИЯ - МаскаФайлов: diff_*
07.05.2018 23:26:08: ИНФОРМАЦИЯ - МинимальноеКоличествоРезервныхКопий: 14
07.05.2018 23:26:08: ИНФОРМАЦИЯ - ПериодХраненияРезервныхКопий: 14
07.05.2018 23:26:08: ИНФОРМАЦИЯ - ТекущаяДата: 07.05.2018 23:26:08
07.05.2018 23:26:08: ИНФОРМАЦИЯ - КоличествоФайловРезервныхКопийВКаталоге: 0
07.05.2018 23:26:08: ИНФОРМАЦИЯ - Количество файлов резервных копий в каталоге меньше или равно минимальному количеству хранимых резервных копий.
07.05.2018 23:26:08: ИНФОРМАЦИЯ - Не нужно удалять файлы резервных копий.
07.05.2018 23:26:08: ИНФОРМАЦИЯ - Конец задания удаления файлов резервных копий
07.05.2018 23:26:08: ИНФОРМАЦИЯ - Конец операции удаления файлов резервных копий
07.05.2018 23:26:55: ИНФОРМАЦИЯ - ФайлНастроек:F:\dev\OneScript\deletebackupfiles_exe\settings.json
07.05.2018 23:26:55: ИНФОРМАЦИЯ - F:\dev\OneScript\deletebackupfiles_exe\settings.json: Не удалось прочитать JSON. {Модуль C:\Program Files (x86)\OneScript\lib\json\src\json.os / Ошибка в строке: 373 / Внешнее исключение (System.NullReferenceException): Ссылка на объект не указывает на экземпляр объекта.}
07.05.2018 23:27:03: ИНФОРМАЦИЯ - ФайлНастроек:F:\dev\OneScript\deletebackupfiles_exe\settings.json
07.05.2018 23:30:41: ИНФОРМАЦИЯ - ФайлНастроек:f:\dev\OneScript\deletebackupfiles_exe\settings.json
07.05.2018 23:30:41: ИНФОРМАЦИЯ - f:\dev\OneScript\deletebackupfiles_exe\settings.json: Не удалось прочитать JSON. {Модуль C:\Program Files (x86)\OneScript\lib\json\src\json.os / Ошибка в строке: 373 / Внешнее исключение (System.NullReferenceException): Ссылка на объект не указывает на экземпляр объекта.}
07.05.2018 23:33:56: ИНФОРМАЦИЯ - ФайлНастроек:F:\dev\OneScript\deletebackupfiles_exe\settings.json
07.05.2018 23:33:56: ИНФОРМАЦИЯ - F:\dev\OneScript\deletebackupfiles_exe\settings.json: Не удалось прочитать JSON. {Модуль C:\Program Files (x86)\OneScript\lib\json\src\json.os / Ошибка в строке: 373 / Внешнее исключение (System.NullReferenceException): Ссылка на объект не указывает на экземпляр объекта.}
07.05.2018 23:33:59: ИНФОРМАЦИЯ - ФайлНастроек:F:\dev\OneScript\deletebackupfiles_exe\settings.json
07.05.2018 23:40:05: ИНФОРМАЦИЯ - ФайлНастроек:F:\dev\OneScript\deletebackupfiles_exe\settings.json
07.05.2018 23:40:05: ОТЛАДКА - ОшибкиЧтения.Количество(): 1
07.05.2018 23:40:05: ИНФОРМАЦИЯ - F:\dev\OneScript\deletebackupfiles_exe\settings.json: Не удалось прочитать JSON. {Модуль C:\Program Files (x86)\OneScript\lib\json\src\json.os / Ошибка в строке: 373 / Внешнее исключение (System.NullReferenceException): Ссылка на объект не указывает на экземпляр объекта.}
07.05.2018 23:40:08: ИНФОРМАЦИЯ - ФайлНастроек:F:\dev\OneScript\deletebackupfiles_exe\settings.json
07.05.2018 23:41:20: ИНФОРМАЦИЯ - ФайлНастроек:F:\dev\OneScript\deletebackupfiles_exe\settings.json
07.05.2018 23:41:20: ОТЛАДКА - ЧтениеПараметров.Прочитать()
07.05.2018 23:41:20: ОТЛАДКА - ОшибкиЧтения.Количество(): 1
07.05.2018 23:41:20: ИНФОРМАЦИЯ - F:\dev\OneScript\deletebackupfiles_exe\settings.json: Не удалось прочитать JSON. {Модуль C:\Program Files (x86)\OneScript\lib\json\src\json.os / Ошибка в строке: 373 / Внешнее исключение (System.NullReferenceException): Ссылка на объект не указывает на экземпляр объекта.}
07.05.2018 23:41:23: ИНФОРМАЦИЯ - ФайлНастроек:F:\dev\OneScript\deletebackupfiles_exe\settings.json
07.05.2018 23:41:23: ОТЛАДКА - ЧтениеПараметров.Прочитать()
07.05.2018 23:52:45: ИНФОРМАЦИЯ - ФайлНастроек:F:\dev\OneScript\deletebackupfiles_exe\settings.json
07.05.2018 23:52:45: ОТЛАДКА - ЧтениеПараметров.Прочитать()
07.05.2018 23:53:46: ИНФОРМАЦИЯ - ФайлНастроек:F:\dev\OneScript\deletebackupfiles_exe\settings.json
07.05.2018 23:53:46: ОТЛАДКА - ЧтениеПараметров.Прочитать()
07.05.2018 23:54:48: ИНФОРМАЦИЯ - ФайлНастроек:F:\dev\OneScript\deletebackupfiles_exe\settings.json
07.05.2018 23:54:48: ОТЛАДКА - ЧтениеПараметров.Прочитать()
07.05.2018 23:54:48: ОТЛАДКА - ОшибкиЧтения.Количество(): 0
07.05.2018 23:54:48: ИНФОРМАЦИЯ - Прочитанные настройки:
07.05.2018 23:54:48: ИНФОРМАЦИЯ - Задания: : Соответствие:
07.05.2018 23:54:48: ИНФОРМАЦИЯ - fullbackups: : Структура:
07.05.2018 23:54:48: ИНФОРМАЦИЯ - Каталог: Строка: d:\full
07.05.2018 23:54:48: ИНФОРМАЦИЯ - МаскаФайлов: Строка: full_*
07.05.2018 23:54:48: ИНФОРМАЦИЯ - МинимальноеКоличествоРезервныхКопий: Число: 4
07.05.2018 23:54:48: ИНФОРМАЦИЯ - ПериодХраненияРезервныхКопий: Число: 31
07.05.2018 23:54:48: ИНФОРМАЦИЯ - ТекущаяДата: Дата: 07.05.2018 23:54:48
07.05.2018 23:54:48: ИНФОРМАЦИЯ - diffbackups: : Структура:
07.05.2018 23:54:48: ИНФОРМАЦИЯ - Каталог: Строка: d:\diff
07.05.2018 23:54:48: ИНФОРМАЦИЯ - МаскаФайлов: Строка: diff_*
07.05.2018 23:54:48: ИНФОРМАЦИЯ - МинимальноеКоличествоРезервныхКопий: Число: 14
07.05.2018 23:54:48: ИНФОРМАЦИЯ - ПериодХраненияРезервныхКопий: Число: 14
07.05.2018 23:54:48: ИНФОРМАЦИЯ - ТекущаяДата: Дата: 07.05.2018 23:54:48
07.05.2018 23:54:48: ИНФОРМАЦИЯ - БезУдаленияРезервныхКопий: Булево: Да
07.05.2018 23:54:48: ИНФОРМАЦИЯ - Начало операции удаления файлов резервных копий
07.05.2018 23:54:48: ИНФОРМАЦИЯ - Начало задания удаления файлов резервных копий
07.05.2018 23:54:48: ИНФОРМАЦИЯ - Каталог: d:\full
07.05.2018 23:54:48: ИНФОРМАЦИЯ - МаскаФайлов: full_*
07.05.2018 23:54:48: ИНФОРМАЦИЯ - МинимальноеКоличествоРезервныхКопий: 4
07.05.2018 23:54:48: ИНФОРМАЦИЯ - ПериодХраненияРезервныхКопий: 31
07.05.2018 23:54:48: ИНФОРМАЦИЯ - ТекущаяДата: 07.05.2018 23:54:48
07.05.2018 23:54:48: ИНФОРМАЦИЯ - КоличествоФайловРезервныхКопийВКаталоге: 0
07.05.2018 23:54:48: ИНФОРМАЦИЯ - Количество файлов резервных копий в каталоге меньше или равно минимальному количеству хранимых резервных копий.
07.05.2018 23:54:48: ИНФОРМАЦИЯ - Не нужно удалять файлы резервных копий.
07.05.2018 23:54:48: ИНФОРМАЦИЯ - Конец задания удаления файлов резервных копий
07.05.2018 23:54:48: ИНФОРМАЦИЯ - Начало задания удаления файлов резервных копий
07.05.2018 23:54:48: ИНФОРМАЦИЯ - Каталог: d:\diff
07.05.2018 23:54:48: ИНФОРМАЦИЯ - МаскаФайлов: diff_*
07.05.2018 23:54:48: ИНФОРМАЦИЯ - МинимальноеКоличествоРезервныхКопий: 14
07.05.2018 23:54:48: ИНФОРМАЦИЯ - ПериодХраненияРезервныхКопий: 14
07.05.2018 23:54:48: ИНФОРМАЦИЯ - ТекущаяДата: 07.05.2018 23:54:48
07.05.2018 23:54:48: ИНФОРМАЦИЯ - КоличествоФайловРезервныхКопийВКаталоге: 0
07.05.2018 23:54:48: ИНФОРМАЦИЯ - Количество файлов резервных копий в каталоге меньше или равно минимальному количеству хранимых резервных копий.
07.05.2018 23:54:48: ИНФОРМАЦИЯ - Не нужно удалять файлы резервных копий.
07.05.2018 23:54:48: ИНФОРМАЦИЯ - Конец задания удаления файлов резервных копий
07.05.2018 23:54:48: ИНФОРМАЦИЯ - Конец операции удаления файлов резервных копий
08.05.2018 00:00:05: ИНФОРМАЦИЯ - ФайлНастроек:F:\dev\OneScript\deletebackupfiles_exe\settings.json
08.05.2018 00:00:05: ОТЛАДКА - ЧтениеПараметров.Прочитать()
08.05.2018 00:00:05: ОТЛАДКА - ОшибкиЧтения.Количество(): 1
08.05.2018 00:00:05: ИНФОРМАЦИЯ - F:\dev\OneScript\deletebackupfiles_exe\settings.json: Не удалось прочитать JSON. {Модуль C:\Program Files (x86)\OneScript\lib\json\src\json.os / Ошибка в строке: 373 / Внешнее исключение (System.NullReferenceException): Ссылка на объект не указывает на экземпляр объекта.}
08.05.2018 00:00:08: ИНФОРМАЦИЯ - ФайлНастроек:F:\dev\OneScript\deletebackupfiles_exe\settings.json
08.05.2018 00:00:08: ОТЛАДКА - ЧтениеПараметров.Прочитать()
08.05.2018 00:01:40: ИНФОРМАЦИЯ - ФайлНастроек:F:\dev\OneScript\deletebackupfiles_exe\settings.json
08.05.2018 00:01:40: ОТЛАДКА - ЧтениеПараметров.Прочитать()
08.05.2018 00:01:40: ОТЛАДКА - ОшибкиЧтения.Количество(): 1
08.05.2018 00:01:40: ИНФОРМАЦИЯ - F:\dev\OneScript\deletebackupfiles_exe\settings.json: Не удалось прочитать JSON. {Модуль C:\Program Files (x86)\OneScript\lib\json\src\json.os / Ошибка в строке: 373 / Внешнее исключение (System.NullReferenceException): Ссылка на объект не указывает на экземпляр объекта.}
08.05.2018 00:02:27: ИНФОРМАЦИЯ - ФайлНастроек:F:\dev\OneScript\deletebackupfiles_exe\settings.json
08.05.2018 00:02:27: ОТЛАДКА - ЧтениеПараметров.Прочитать()
08.05.2018 00:02:27: ОТЛАДКА - ОшибкиЧтения.Количество(): 1
08.05.2018 00:02:27: ИНФОРМАЦИЯ - F:\dev\OneScript\deletebackupfiles_exe\settings.json: Не удалось прочитать JSON. {Модуль C:\Program Files (x86)\OneScript\lib\json\src\json.os / Ошибка в строке: 373 / Внешнее исключение (System.NullReferenceException): Ссылка на объект не указывает на экземпляр объекта.}
08.05.2018 00:03:05: ИНФОРМАЦИЯ - ФайлНастроек:F:\dev\OneScript\deletebackupfiles_exe\settings.json
08.05.2018 00:03:05: ОТЛАДКА - ЧтениеПараметров.Прочитать()
08.05.2018 00:10:22: ИНФОРМАЦИЯ - ФайлНастроек:F:\dev\OneScript\deletebackupfiles_exe\settings.json
08.05.2018 00:10:22: ОТЛАДКА - ЧтениеПараметров.Прочитать()
08.05.2018 00:10:22: ОТЛАДКА - ОшибкиЧтения.Количество(): 1
08.05.2018 00:10:22: ИНФОРМАЦИЯ - F:\dev\OneScript\deletebackupfiles_exe\settings.json: Не удалось прочитать JSON. {Модуль F:\dev\OneScript\OneScript-1.0.20\lib\json\src\json.os / Ошибка в строке: 373 / Внешнее исключение (System.NullReferenceException): Ссылка на объект не указывает на экземпляр объекта.}
08.05.2018 00:10:26: ИНФОРМАЦИЯ - ФайлНастроек:F:\dev\OneScript\deletebackupfiles_exe\settings.json
08.05.2018 00:10:26: ОТЛАДКА - ЧтениеПараметров.Прочитать()
08.05.2018 00:12:51: ИНФОРМАЦИЯ - ФайлНастроек:F:\dev\OneScript\deletebackupfiles_exe\settings.json
08.05.2018 00:12:51: ОТЛАДКА - ЧтениеПараметров.Прочитать()
08.05.2018 00:12:51: ОТЛАДКА - ОшибкиЧтения.Количество(): 1
08.05.2018 00:12:51: ИНФОРМАЦИЯ - F:\dev\OneScript\deletebackupfiles_exe\settings.json: Не удалось прочитать JSON. {Модуль F:\dev\OneScript\OneScript-1.0.21\lib\json\src\json.os / Ошибка в строке: 373 / Внешнее исключение (System.NullReferenceException): Ссылка на объект не указывает на экземпляр объекта.}
08.05.2018 00:12:55: ИНФОРМАЦИЯ - ФайлНастроек:F:\dev\OneScript\deletebackupfiles_exe\settings.json
08.05.2018 00:12:55: ОТЛАДКА - ЧтениеПараметров.Прочитать()
09.06.2018 22:16:09: ИНФОРМАЦИЯ - ФайлНастроек:f:\dev\OneScript\deletebackupfiles_exe\settings.json
09.06.2018 22:16:09: ОТЛАДКА - ЧтениеПараметров.Прочитать()
09.06.2018 22:16:09: ОТЛАДКА - ОшибкиЧтения.Количество(): 1
09.06.2018 22:16:09: ИНФОРМАЦИЯ - f:\dev\OneScript\deletebackupfiles_exe\settings.json: Не удалось прочитать JSON. {Модуль C:\Program Files (x86)\OneScript\lib\json\src\json.os / Ошибка в строке: 373 / Внешнее исключение (System.NullReferenceException): Ссылка на объект не указывает на экземпляр объекта.}
09.06.2018 22:16:24: ИНФОРМАЦИЯ - ФайлНастроек:f:\dev\OneScript\deletebackupfiles_exe\settings.json
09.06.2018 22:16:24: ОТЛАДКА - ЧтениеПараметров.Прочитать()
09.06.2018 22:16:24: ОТЛАДКА - ОшибкиЧтения.Количество(): 1
09.06.2018 22:16:24: ИНФОРМАЦИЯ - f:\dev\OneScript\deletebackupfiles_exe\settings.json: Не удалось прочитать JSON. {Модуль C:\Program Files (x86)\OneScript\lib\json\src\json.os / Ошибка в строке: 373 / Внешнее исключение (System.NullReferenceException): Ссылка на объект не указывает на экземпляр объекта.}
09.06.2018 22:17:06: ИНФОРМАЦИЯ - ФайлНастроек:f:\dev\OneScript\deletebackupfiles_exe\settings.json
09.06.2018 22:17:06: ОТЛАДКА - ЧтениеПараметров.Прочитать()
09.06.2018 22:17:06: ОТЛАДКА - ОшибкиЧтения.Количество(): 1
09.06.2018 22:17:06: ИНФОРМАЦИЯ - f:\dev\OneScript\deletebackupfiles_exe\settings.json: Не удалось прочитать JSON. {Модуль C:\Program Files (x86)\OneScript\lib\json\src\json.os / Ошибка в строке: 373 / Внешнее исключение (System.NullReferenceException): Ссылка на объект не указывает на экземпляр объекта.}
09.06.2018 22:18:38: ИНФОРМАЦИЯ - ФайлНастроек:f:\dev\OneScript\deletebackupfiles_exe\settings.json
09.06.2018 22:18:38: ОТЛАДКА - ЧтениеПараметров.Прочитать()
09.06.2018 22:18:38: ОТЛАДКА - ОшибкиЧтения.Количество(): 1
09.06.2018 22:18:38: ИНФОРМАЦИЯ - f:\dev\OneScript\deletebackupfiles_exe\settings.json: Не удалось прочитать JSON. {Модуль C:\Program Files (x86)\OneScript\lib\json\src\json.os / Ошибка в строке: 373 / Внешнее исключение (System.NullReferenceException): Ссылка на объект не указывает на экземпляр объекта.}
11.06.2018 11:50:08: ИНФОРМАЦИЯ - ФайлНастроек:f:\dev\OneScript\deletebackupfiles_exe\settings.json
11.06.2018 11:50:08: ОТЛАДКА - ЧтениеПараметров.Прочитать()
11.06.2018 11:50:08: ОТЛАДКА - ОшибкиЧтения.Количество(): 1
11.06.2018 11:50:08: ИНФОРМАЦИЯ - f:\dev\OneScript\deletebackupfiles_exe\settings.json: Не удалось прочитать JSON. {Модуль C:\Program Files (x86)\OneScript\lib\json\src\json.os / Ошибка в строке: 373 / Внешнее исключение (System.NullReferenceException): Ссылка на объект не указывает на экземпляр объекта.}
11.06.2018 11:59:58: ИНФОРМАЦИЯ - ФайлНастроек:f:\dev\OneScript\deletebackupfiles_exe\settings.json
11.06.2018 11:59:58: ОТЛАДКА - ЧтениеПараметров.Прочитать()
11.06.2018 11:59:58: ОТЛАДКА - ОшибкиЧтения.Количество(): 1
11.06.2018 11:59:58: ИНФОРМАЦИЯ - f:\dev\OneScript\deletebackupfiles_exe\settings.json: Не удалось прочитать JSON. {Модуль C:\Program Files (x86)\OneScript\lib\json\src\json.os / Ошибка в строке: 373 / Внешнее исключение (System.NullReferenceException): Ссылка на объект не указывает на экземпляр объекта.}
11.06.2018 12:02:20: ИНФОРМАЦИЯ - ФайлНастроек:f:\dev\OneScript\deletebackupfiles_exe\settings.json
11.06.2018 12:02:20: ОТЛАДКА - ЧтениеПараметров.Прочитать()
11.06.2018 12:02:20: ОТЛАДКА - ОшибкиЧтения.Количество(): 1
11.06.2018 12:02:20: ИНФОРМАЦИЯ - f:\dev\OneScript\deletebackupfiles_exe\settings.json: Не удалось прочитать JSON. {Модуль C:\Program Files (x86)\OneScript\lib\json\src\json.os / Ошибка в строке: 373 / Внешнее исключение (System.NullReferenceException): Ссылка на объект не указывает на экземпляр объекта.}
11.06.2018 12:02:31: ИНФОРМАЦИЯ - ФайлНастроек:f:\dev\OneScript\deletebackupfiles_exe\settings.json
11.06.2018 12:02:31: ОТЛАДКА - ЧтениеПараметров.Прочитать()
11.06.2018 12:02:31: ОТЛАДКА - ОшибкиЧтения.Количество(): 1
11.06.2018 12:02:31: ИНФОРМАЦИЯ - f:\dev\OneScript\deletebackupfiles_exe\settings.json: Не удалось прочитать JSON. {Модуль C:\Program Files (x86)\OneScript\lib\json\src\json.os / Ошибка в строке: 373 / Внешнее исключение (System.NullReferenceException): Ссылка на объект не указывает на экземпляр объекта.}
11.06.2018 12:45:51: ИНФОРМАЦИЯ - ФайлНастроек:f:\dev\OneScript\deletebackupfiles_exe\settings.json
11.06.2018 12:45:51: ОТЛАДКА - ЧтениеПараметров.Прочитать()
11.06.2018 12:45:51: ОТЛАДКА - ОшибкиЧтения.Количество(): 1
11.06.2018 12:45:51: ИНФОРМАЦИЯ - f:\dev\OneScript\deletebackupfiles_exe\settings.json: Не удалось прочитать JSON. {Модуль C:\Program Files (x86)\OneScript\lib\json\src\json.os / Ошибка в строке: 373 / Внешнее исключение (System.NullReferenceException): Ссылка на объект не указывает на экземпляр объекта.}
